{"name":"РњРµС‚РѕРґ РїРѕР»СѓС‡РµРЅРёСЏ С…Р°СЂР°РєС‚РµСЂРёСЃС‚РёРє СѓС‚РѕС‡РєРё (РќРµС‡РµС‚РЅС‹Р№ id material = rubber","status":"broken","statusDetails":{"known":false,"muted":false,"flaky":false,"message":"Failed to validate JSON text:\r\n{\"color\":\"yellow\",\"height\":500.0,\"material\":\"rubber\",\"sound\":\"quack\",\"wingsState\":\"ACTIVE\"} Values not equal for entry: 'height', expected '5.0' but was '500.0'","trace":"com.consol.citrus.exceptions.TestCaseFailedException: Failed to validate JSON text:\r\n{\"color\":\"yellow\",\"height\":500.0,\"material\":\"rubber\",\"sound\":\"quack\",\"wingsState\":\"ACTIVE\"} Values not equal for entry: 'height', expected '5.0' but was '500.0'\r\n\tat com.consol.citrus.DefaultTestCase.executeAction(DefaultTestCase.java:143)\r\n\tat com.consol.citrus.DefaultTestCaseRunner.run(DefaultTestCaseRunner.java:125)\r\n\tat com.consol.citrus.TestActionRunner.$(TestActionRunner.java:35)\r\n\tat autotests.clients.DuckActionsClients.validateResponse(DuckActionsClients.java:132)\r\n\tat autotests.tests.duckActionController.Properties.propertiesEvenId(Properties.java:34)\r\n\tat java.base/jdk.internal.reflect.NativeMethodAccessorImpl.invoke0(Native Method)\r\n\tat java.base/jdk.internal.reflect.NativeMethodAccessorImpl.invoke(NativeMethodAccessorImpl.java:62)\r\n\tat java.base/jdk.internal.reflect.DelegatingMethodAccessorImpl.invoke(DelegatingMethodAccessorImpl.java:43)\r\n\tat java.base/java.lang.reflect.Method.invoke(Method.java:566)\r\n\tat org.springframework.util.ReflectionUtils.invokeMethod(ReflectionUtils.java:282)\r\n\tat com.consol.citrus.testng.TestNGHelper.lambda$invokeTestMethod$1(TestNGHelper.java:82)\r\n\tat com.consol.citrus.common.DefaultTestLoader.lambda$doLoad$1(DefaultTestLoader.java:116)\r\n\tat java.base/java.util.ArrayList.forEach(ArrayList.java:1541)\r\n\tat com.consol.citrus.common.DefaultTestLoader.doLoad(DefaultTestLoader.java:116)\r\n\tat com.consol.citrus.common.DefaultTestLoader.load(DefaultTestLoader.java:94)\r\n\tat com.consol.citrus.testng.TestNGHelper.invokeTestMethod(TestNGHelper.java:83)\r\n\tat com.consol.citrus.testng.spring.TestNGCitrusSpringSupport.run(TestNGCitrusSpringSupport.java:185)\r\n\tat com.consol.citrus.testng.spring.TestNGCitrusSpringSupport.run(TestNGCitrusSpringSupport.java:101)\r\n\tat org.testng.internal.invokers.MethodInvocationHelper.invokeHookable(MethodInvocationHelper.java:272)\r\n\tat org.testng.internal.invokers.TestInvoker.invokeMethod(TestInvoker.java:669)\r\n\tat org.testng.internal.invokers.TestInvoker.invokeTestMethod(TestInvoker.java:221)\r\n\tat org.testng.internal.invokers.MethodRunner.runInSequence(MethodRunner.java:50)\r\n\tat org.testng.internal.invokers.TestInvoker$MethodInvocationAgent.invoke(TestInvoker.java:969)\r\n\tat org.testng.internal.invokers.TestInvoker.invokeTestMethods(TestInvoker.java:194)\r\n\tat org.testng.internal.invokers.TestMethodWorker.invokeTestMethods(TestMethodWorker.java:148)\r\n\tat org.testng.internal.invokers.TestMethodWorker.run(TestMethodWorker.java:128)\r\n\tat java.base/java.util.concurrent.ThreadPoolExecutor.runWorker(ThreadPoolExecutor.java:1128)\r\n\tat java.base/java.util.concurrent.ThreadPoolExecutor$Worker.run(ThreadPoolExecutor.java:628)\r\n\tat java.base/java.lang.Thread.run(Thread.java:829)\r\nCaused by: com.consol.citrus.exceptions.ValidationException: Failed to validate JSON text:\r\n{\"color\":\"yellow\",\"height\":500.0,\"material\":\"rubber\",\"sound\":\"quack\",\"wingsState\":\"ACTIVE\"} Values not equal for entry: 'height', expected '5.0' but was '500.0'\r\n\tat com.consol.citrus.validation.json.JsonTextMessageValidator.validateMessage(JsonTextMessageValidator.java:114)\r\n\tat com.consol.citrus.validation.json.JsonTextMessageValidator.validateMessage(JsonTextMessageValidator.java:58)\r\n\tat com.consol.citrus.validation.AbstractMessageValidator.validateMessage(AbstractMessageValidator.java:46)\r\n\tat com.consol.citrus.actions.ReceiveMessageAction.validateMessage(ReceiveMessageAction.java:279)\r\n\tat com.consol.citrus.actions.ReceiveMessageAction.doExecute(ReceiveMessageAction.java:168)\r\n\tat com.consol.citrus.actions.AbstractTestAction.execute(AbstractTestAction.java:59)\r\n\tat com.consol.citrus.DefaultTestCase.executeAction(DefaultTestCase.java:136)\r\n\t... 28 more\r\nCaused by: java.lang.IllegalArgumentException: Values not equal for entry: 'height', expected '5.0' but was '500.0'\r\n\tat org.springframework.util.Assert.isTrue(Assert.java:121)\r\n\tat com.consol.citrus.validation.json.JsonTextMessageValidator.validateJson(JsonTextMessageValidator.java:211)\r\n\tat com.consol.citrus.validation.json.JsonTextMessageValidator.validateMessage(JsonTextMessageValidator.java:102)\r\n\t... 34 more\r\n"},"stage":"finished","steps":[{"name":"Р­РЅРґРїРѕРёРЅС‚ РґР»СЏ РїРѕР»СѓС‡РµРЅРёСЏ СЃРІРѕР№СЃС‚РІ СѓС‚РѕС‡РєРё","status":"passed","stage":"finished","steps":[],"attachments":[],"parameters":[{"name":"runner","value":"com.consol.citrus.DefaultTestCaseRunner@1169f90f"}],"start":1738077387130,"stop":1738077387332}],"attachments":[],"parameters":[{"name":"arg0","value":"null"}],"start":1738077386959,"stop":1738077387475,"uuid":"3ede205b-c0ad-4b6d-abef-6f81e6474b01","historyId":"c26c787a49ac531eace767c2f624ea4","fullName":"autotests.tests.duckActionController.Properties.propertiesEvenId","labels":[{"name":"package","value":"autotests.tests.duckActionController.Properties"},{"name":"testClass","value":"autotests.tests.duckActionController.Properties"},{"name":"testMethod","value":"propertiesEvenId"},{"name":"parentSuite","value":"Gradle suite"},{"name":"suite","value":"Gradle test"},{"name":"subSuite","value":"autotests.tests.duckActionController.Properties"},{"name":"host","value":"DESKTOP-PE0VQ31"},{"name":"thread","value":"16560@DESKTOP-PE0VQ31.TestNG-test=Gradle test-2(30)"},{"name":"framework","value":"testng"},{"name":"language","value":"java"},{"name":"feature","value":"Р­РЅРґРїРѕРёРЅС‚ /api/duck/action/properties"},{"name":"epic","value":"РўРµСЃС‚С‹ РЅР° duck-action-controller"}],"links":[]}