{"name":"РњРµС‚РѕРґ, РїРѕР·РІРѕР»СЏСЋС‰РёР№ Р»РµС‚РµС‚СЊ РёР»Рё РѕС‚РєР°Р·Р°С‚СЊСЃСЏ РѕС‚ РїРѕР»РµС‚Р° СѓС‚РѕС‡РєРµ (РєСЂС‹Р»СЊСЏ: UNDEFINED","status":"broken","statusDetails":{"known":false,"muted":false,"flaky":false,"message":"Validation failed: Values not equal for header element 'citrus_http_reason_phrase', expected 'INTERNAL_SERVER_ERROR' but was 'OK'","trace":"com.consol.citrus.exceptions.TestCaseFailedException: Validation failed: Values not equal for header element 'citrus_http_reason_phrase', expected 'INTERNAL_SERVER_ERROR' but was 'OK'\r\n\tat com.consol.citrus.DefaultTestCase.executeAction(DefaultTestCase.java:143)\r\n\tat com.consol.citrus.DefaultTestCaseRunner.run(DefaultTestCaseRunner.java:125)\r\n\tat com.consol.citrus.TestActionRunner.$(TestActionRunner.java:35)\r\n\tat autotests.clients.DuckActionsClients.validateResponse(DuckActionsClients.java:123)\r\n\tat autotests.tests.duckActionController.Fly.flyUndefined(Fly.java:64)\r\n\tat java.base/jdk.internal.reflect.NativeMethodAccessorImpl.invoke0(Native Method)\r\n\tat java.base/jdk.internal.reflect.NativeMethodAccessorImpl.invoke(NativeMethodAccessorImpl.java:62)\r\n\tat java.base/jdk.internal.reflect.DelegatingMethodAccessorImpl.invoke(DelegatingMethodAccessorImpl.java:43)\r\n\tat java.base/java.lang.reflect.Method.invoke(Method.java:566)\r\n\tat org.springframework.util.ReflectionUtils.invokeMethod(ReflectionUtils.java:282)\r\n\tat com.consol.citrus.testng.TestNGHelper.lambda$invokeTestMethod$1(TestNGHelper.java:82)\r\n\tat com.consol.citrus.common.DefaultTestLoader.lambda$doLoad$1(DefaultTestLoader.java:116)\r\n\tat java.base/java.util.ArrayList.forEach(ArrayList.java:1541)\r\n\tat com.consol.citrus.common.DefaultTestLoader.doLoad(DefaultTestLoader.java:116)\r\n\tat com.consol.citrus.common.DefaultTestLoader.load(DefaultTestLoader.java:94)\r\n\tat com.consol.citrus.testng.TestNGHelper.invokeTestMethod(TestNGHelper.java:83)\r\n\tat com.consol.citrus.testng.spring.TestNGCitrusSpringSupport.run(TestNGCitrusSpringSupport.java:185)\r\n\tat com.consol.citrus.testng.spring.TestNGCitrusSpringSupport.run(TestNGCitrusSpringSupport.java:101)\r\n\tat org.testng.internal.invokers.MethodInvocationHelper.invokeHookable(MethodInvocationHelper.java:272)\r\n\tat org.testng.internal.invokers.TestInvoker.invokeMethod(TestInvoker.java:669)\r\n\tat org.testng.internal.invokers.TestInvoker.invokeTestMethod(TestInvoker.java:221)\r\n\tat org.testng.internal.invokers.MethodRunner.runInSequence(MethodRunner.java:50)\r\n\tat org.testng.internal.invokers.TestInvoker$MethodInvocationAgent.invoke(TestInvoker.java:969)\r\n\tat org.testng.internal.invokers.TestInvoker.invokeTestMethods(TestInvoker.java:194)\r\n\tat org.testng.internal.invokers.TestMethodWorker.invokeTestMethods(TestMethodWorker.java:148)\r\n\tat org.testng.internal.invokers.TestMethodWorker.run(TestMethodWorker.java:128)\r\n\tat java.base/java.util.concurrent.ThreadPoolExecutor.runWorker(ThreadPoolExecutor.java:1128)\r\n\tat java.base/java.util.concurrent.ThreadPoolExecutor$Worker.run(ThreadPoolExecutor.java:628)\r\n\tat java.base/java.lang.Thread.run(Thread.java:829)\r\nCaused by: com.consol.citrus.exceptions.ValidationException: Validation failed: Values not equal for header element 'citrus_http_reason_phrase', expected 'INTERNAL_SERVER_ERROR' but was 'OK'\r\n\tat com.consol.citrus.validation.DefaultHeaderValidator.validateHeader(DefaultHeaderValidator.java:79)\r\n\tat com.consol.citrus.validation.DefaultMessageHeaderValidator.validateMessage(DefaultMessageHeaderValidator.java:101)\r\n\tat com.consol.citrus.validation.DefaultMessageHeaderValidator.validateMessage(DefaultMessageHeaderValidator.java:44)\r\n\tat com.consol.citrus.validation.AbstractMessageValidator.validateMessage(AbstractMessageValidator.java:46)\r\n\tat com.consol.citrus.actions.ReceiveMessageAction.validateMessage(ReceiveMessageAction.java:279)\r\n\tat com.consol.citrus.actions.ReceiveMessageAction.doExecute(ReceiveMessageAction.java:168)\r\n\tat com.consol.citrus.actions.AbstractTestAction.execute(AbstractTestAction.java:59)\r\n\tat com.consol.citrus.DefaultTestCase.executeAction(DefaultTestCase.java:136)\r\n\t... 28 more\r\nCaused by: java.lang.IllegalArgumentException: Values not equal for header element 'citrus_http_reason_phrase', expected 'INTERNAL_SERVER_ERROR' but was 'OK'\r\n\tat org.springframework.util.Assert.isTrue(Assert.java:121)\r\n\tat com.consol.citrus.validation.DefaultHeaderValidator.validateHeader(DefaultHeaderValidator.java:66)\r\n\t... 35 more\r\n"},"stage":"finished","steps":[{"name":"Р­РЅРґРїРѕРёРЅС‚ Р·Р°СЃС‚Р°РІРёС‚СЊ СѓС‚РєСѓ Р»РµС‚Р°С‚СЊ","status":"passed","stage":"finished","steps":[],"attachments":[],"parameters":[{"name":"runner","value":"com.consol.citrus.DefaultTestCaseRunner@1fd21403"}],"start":1738077387567,"stop":1738077387578}],"attachments":[],"parameters":[{"name":"arg0","value":"null"}],"start":1738077387553,"stop":1738077387587,"uuid":"de46c094-a26c-4308-8a44-9fc0bf20c956","historyId":"9f6b152a187a85ca078b5167bce2857f","fullName":"autotests.tests.duckActionController.Fly.flyUndefined","labels":[{"name":"package","value":"autotests.tests.duckActionController.Fly"},{"name":"testClass","value":"autotests.tests.duckActionController.Fly"},{"name":"testMethod","value":"flyUndefined"},{"name":"parentSuite","value":"Gradle suite"},{"name":"suite","value":"Gradle test"},{"name":"subSuite","value":"autotests.tests.duckActionController.Fly"},{"name":"host","value":"DESKTOP-PE0VQ31"},{"name":"thread","value":"16560@DESKTOP-PE0VQ31.TestNG-test=Gradle test-1(29)"},{"name":"framework","value":"testng"},{"name":"language","value":"java"},{"name":"epic","value":"РўРµСЃС‚С‹ РЅР° duck-action-controller"},{"name":"feature","value":"Р­РЅРґРїРѕРёРЅС‚ /api/duck/action/fly"}],"links":[]}