<?xml version="1.0" encoding="UTF-8"?>
<testsuite name="autotests.tests.duckActionController.Fly" tests="3" skipped="0" failures="3" errors="0" timestamp="2025-01-28T15:16:26" hostname="DESKTOP-PE0VQ31" time="0.689">
  <properties/>
  <testcase name="flyActive[0](null)" classname="autotests.tests.duckActionController.Fly" time="0.574">
    <failure message="com.consol.citrus.exceptions.TestCaseFailedException: Failed to validate JSON text:&#13;&#10;{&quot;message&quot;:&quot;I am flying :)&quot;} Values not equal for entry: 'message', expected 'I'm flying' but was 'I am flying :)'" type="com.consol.citrus.exceptions.TestCaseFailedException">com.consol.citrus.exceptions.TestCaseFailedException: Failed to validate JSON text:
{&quot;message&quot;:&quot;I am flying :)&quot;} Values not equal for entry: 'message', expected 'I'm flying' but was 'I am flying :)'
	at app//com.consol.citrus.DefaultTestCase.executeAction(DefaultTestCase.java:143)
	at app//com.consol.citrus.DefaultTestCaseRunner.run(DefaultTestCaseRunner.java:125)
	at app//com.consol.citrus.TestActionRunner.$(TestActionRunner.java:35)
	at app//autotests.clients.DuckActionsClients.validateResponse(DuckActionsClients.java:132)
	at app//autotests.tests.duckActionController.Fly.flyActive(Fly.java:34)
	at java.base@11.0.24/jdk.internal.reflect.NativeMethodAccessorImpl.invoke0(Native Method)
	at java.base@11.0.24/jdk.internal.reflect.NativeMethodAccessorImpl.invoke(NativeMethodAccessorImpl.java:62)
	at java.base@11.0.24/jdk.internal.reflect.DelegatingMethodAccessorImpl.invoke(DelegatingMethodAccessorImpl.java:43)
	at java.base@11.0.24/java.lang.reflect.Method.invoke(Method.java:566)
	at app//org.springframework.util.ReflectionUtils.invokeMethod(ReflectionUtils.java:282)
	at app//com.consol.citrus.testng.TestNGHelper.lambda$invokeTestMethod$1(TestNGHelper.java:82)
	at app//com.consol.citrus.common.DefaultTestLoader.lambda$doLoad$1(DefaultTestLoader.java:116)
	at java.base@11.0.24/java.util.ArrayList.forEach(ArrayList.java:1541)
	at app//com.consol.citrus.common.DefaultTestLoader.doLoad(DefaultTestLoader.java:116)
	at app//com.consol.citrus.common.DefaultTestLoader.load(DefaultTestLoader.java:94)
	at app//com.consol.citrus.testng.TestNGHelper.invokeTestMethod(TestNGHelper.java:83)
	at app//com.consol.citrus.testng.spring.TestNGCitrusSpringSupport.run(TestNGCitrusSpringSupport.java:185)
	at app//com.consol.citrus.testng.spring.TestNGCitrusSpringSupport.run(TestNGCitrusSpringSupport.java:101)
	at app//org.testng.internal.invokers.MethodInvocationHelper.invokeHookable(MethodInvocationHelper.java:272)
	at app//org.testng.internal.invokers.TestInvoker.invokeMethod(TestInvoker.java:669)
	at app//org.testng.internal.invokers.TestInvoker.invokeTestMethod(TestInvoker.java:221)
	at app//org.testng.internal.invokers.MethodRunner.runInSequence(MethodRunner.java:50)
	at app//org.testng.internal.invokers.TestInvoker$MethodInvocationAgent.invoke(TestInvoker.java:969)
	at app//org.testng.internal.invokers.TestInvoker.invokeTestMethods(TestInvoker.java:194)
	at app//org.testng.internal.invokers.TestMethodWorker.invokeTestMethods(TestMethodWorker.java:148)
	at app//org.testng.internal.invokers.TestMethodWorker.run(TestMethodWorker.java:128)
	at java.base@11.0.24/java.util.concurrent.ThreadPoolExecutor.runWorker(ThreadPoolExecutor.java:1128)
	at java.base@11.0.24/java.util.concurrent.ThreadPoolExecutor$Worker.run(ThreadPoolExecutor.java:628)
	at java.base@11.0.24/java.lang.Thread.run(Thread.java:829)
Caused by: com.consol.citrus.exceptions.ValidationException: Failed to validate JSON text:
{&quot;message&quot;:&quot;I am flying :)&quot;} Values not equal for entry: 'message', expected 'I'm flying' but was 'I am flying :)'
	at app//com.consol.citrus.validation.json.JsonTextMessageValidator.validateMessage(JsonTextMessageValidator.java:114)
	at app//com.consol.citrus.validation.json.JsonTextMessageValidator.validateMessage(JsonTextMessageValidator.java:58)
	at app//com.consol.citrus.validation.AbstractMessageValidator.validateMessage(AbstractMessageValidator.java:46)
	at app//com.consol.citrus.actions.ReceiveMessageAction.validateMessage(ReceiveMessageAction.java:279)
	at app//com.consol.citrus.actions.ReceiveMessageAction.doExecute(ReceiveMessageAction.java:168)
	at app//com.consol.citrus.actions.AbstractTestAction.execute(AbstractTestAction.java:59)
	at app//com.consol.citrus.DefaultTestCase.executeAction(DefaultTestCase.java:136)
	... 28 more
Caused by: java.lang.IllegalArgumentException: Values not equal for entry: 'message', expected 'I'm flying' but was 'I am flying :)'
	at org.springframework.util.Assert.isTrue(Assert.java:121)
	at com.consol.citrus.validation.json.JsonTextMessageValidator.validateJson(JsonTextMessageValidator.java:211)
	at com.consol.citrus.validation.json.JsonTextMessageValidator.validateMessage(JsonTextMessageValidator.java:102)
	... 34 more
</failure>
  </testcase>
  <testcase name="flyFixed[0](null)" classname="autotests.tests.duckActionController.Fly" time="0.034">
    <failure message="com.consol.citrus.exceptions.TestCaseFailedException: Failed to validate JSON text:&#13;&#10;{&quot;message&quot;:&quot;I can not fly :C&quot;} Values not equal for entry: 'message', expected 'I can't fly' but was 'I can not fly :C'" type="com.consol.citrus.exceptions.TestCaseFailedException">com.consol.citrus.exceptions.TestCaseFailedException: Failed to validate JSON text:
{&quot;message&quot;:&quot;I can not fly :C&quot;} Values not equal for entry: 'message', expected 'I can't fly' but was 'I can not fly :C'
	at app//com.consol.citrus.DefaultTestCase.executeAction(DefaultTestCase.java:143)
	at app//com.consol.citrus.DefaultTestCaseRunner.run(DefaultTestCaseRunner.java:125)
	at app//com.consol.citrus.TestActionRunner.$(TestActionRunner.java:35)
	at app//autotests.clients.DuckActionsClients.validateResponse(DuckActionsClients.java:123)
	at app//autotests.tests.duckActionController.Fly.flyFixed(Fly.java:49)
	at java.base@11.0.24/jdk.internal.reflect.NativeMethodAccessorImpl.invoke0(Native Method)
	at java.base@11.0.24/jdk.internal.reflect.NativeMethodAccessorImpl.invoke(NativeMethodAccessorImpl.java:62)
	at java.base@11.0.24/jdk.internal.reflect.DelegatingMethodAccessorImpl.invoke(DelegatingMethodAccessorImpl.java:43)
	at java.base@11.0.24/java.lang.reflect.Method.invoke(Method.java:566)
	at app//org.springframework.util.ReflectionUtils.invokeMethod(ReflectionUtils.java:282)
	at app//com.consol.citrus.testng.TestNGHelper.lambda$invokeTestMethod$1(TestNGHelper.java:82)
	at app//com.consol.citrus.common.DefaultTestLoader.lambda$doLoad$1(DefaultTestLoader.java:116)
	at java.base@11.0.24/java.util.ArrayList.forEach(ArrayList.java:1541)
	at app//com.consol.citrus.common.DefaultTestLoader.doLoad(DefaultTestLoader.java:116)
	at app//com.consol.citrus.common.DefaultTestLoader.load(DefaultTestLoader.java:94)
	at app//com.consol.citrus.testng.TestNGHelper.invokeTestMethod(TestNGHelper.java:83)
	at app//com.consol.citrus.testng.spring.TestNGCitrusSpringSupport.run(TestNGCitrusSpringSupport.java:185)
	at app//com.consol.citrus.testng.spring.TestNGCitrusSpringSupport.run(TestNGCitrusSpringSupport.java:101)
	at app//org.testng.internal.invokers.MethodInvocationHelper.invokeHookable(MethodInvocationHelper.java:272)
	at app//org.testng.internal.invokers.TestInvoker.invokeMethod(TestInvoker.java:669)
	at app//org.testng.internal.invokers.TestInvoker.invokeTestMethod(TestInvoker.java:221)
	at app//org.testng.internal.invokers.MethodRunner.runInSequence(MethodRunner.java:50)
	at app//org.testng.internal.invokers.TestInvoker$MethodInvocationAgent.invoke(TestInvoker.java:969)
	at app//org.testng.internal.invokers.TestInvoker.invokeTestMethods(TestInvoker.java:194)
	at app//org.testng.internal.invokers.TestMethodWorker.invokeTestMethods(TestMethodWorker.java:148)
	at app//org.testng.internal.invokers.TestMethodWorker.run(TestMethodWorker.java:128)
	at java.base@11.0.24/java.util.concurrent.ThreadPoolExecutor.runWorker(ThreadPoolExecutor.java:1128)
	at java.base@11.0.24/java.util.concurrent.ThreadPoolExecutor$Worker.run(ThreadPoolExecutor.java:628)
	at java.base@11.0.24/java.lang.Thread.run(Thread.java:829)
Caused by: com.consol.citrus.exceptions.ValidationException: Failed to validate JSON text:
{&quot;message&quot;:&quot;I can not fly :C&quot;} Values not equal for entry: 'message', expected 'I can't fly' but was 'I can not fly :C'
	at app//com.consol.citrus.validation.json.JsonTextMessageValidator.validateMessage(JsonTextMessageValidator.java:114)
	at app//com.consol.citrus.validation.json.JsonTextMessageValidator.validateMessage(JsonTextMessageValidator.java:58)
	at app//com.consol.citrus.validation.AbstractMessageValidator.validateMessage(AbstractMessageValidator.java:46)
	at app//com.consol.citrus.actions.ReceiveMessageAction.validateMessage(ReceiveMessageAction.java:279)
	at app//com.consol.citrus.actions.ReceiveMessageAction.doExecute(ReceiveMessageAction.java:168)
	at app//com.consol.citrus.actions.AbstractTestAction.execute(AbstractTestAction.java:59)
	at app//com.consol.citrus.DefaultTestCase.executeAction(DefaultTestCase.java:136)
	... 28 more
Caused by: java.lang.IllegalArgumentException: Values not equal for entry: 'message', expected 'I can't fly' but was 'I can not fly :C'
	at org.springframework.util.Assert.isTrue(Assert.java:121)
	at com.consol.citrus.validation.json.JsonTextMessageValidator.validateJson(JsonTextMessageValidator.java:211)
	at com.consol.citrus.validation.json.JsonTextMessageValidator.validateMessage(JsonTextMessageValidator.java:102)
	... 34 more
</failure>
  </testcase>
  <testcase name="flyUndefined[0](null)" classname="autotests.tests.duckActionController.Fly" time="0.035">
    <failure message="com.consol.citrus.exceptions.TestCaseFailedException: Validation failed: Values not equal for header element 'citrus_http_reason_phrase', expected 'INTERNAL_SERVER_ERROR' but was 'OK'" type="com.consol.citrus.exceptions.TestCaseFailedException">com.consol.citrus.exceptions.TestCaseFailedException: Validation failed: Values not equal for header element 'citrus_http_reason_phrase', expected 'INTERNAL_SERVER_ERROR' but was 'OK'
	at app//com.consol.citrus.DefaultTestCase.executeAction(DefaultTestCase.java:143)
	at app//com.consol.citrus.DefaultTestCaseRunner.run(DefaultTestCaseRunner.java:125)
	at app//com.consol.citrus.TestActionRunner.$(TestActionRunner.java:35)
	at app//autotests.clients.DuckActionsClients.validateResponse(DuckActionsClients.java:123)
	at app//autotests.tests.duckActionController.Fly.flyUndefined(Fly.java:64)
	at java.base@11.0.24/jdk.internal.reflect.NativeMethodAccessorImpl.invoke0(Native Method)
	at java.base@11.0.24/jdk.internal.reflect.NativeMethodAccessorImpl.invoke(NativeMethodAccessorImpl.java:62)
	at java.base@11.0.24/jdk.internal.reflect.DelegatingMethodAccessorImpl.invoke(DelegatingMethodAccessorImpl.java:43)
	at java.base@11.0.24/java.lang.reflect.Method.invoke(Method.java:566)
	at app//org.springframework.util.ReflectionUtils.invokeMethod(ReflectionUtils.java:282)
	at app//com.consol.citrus.testng.TestNGHelper.lambda$invokeTestMethod$1(TestNGHelper.java:82)
	at app//com.consol.citrus.common.DefaultTestLoader.lambda$doLoad$1(DefaultTestLoader.java:116)
	at java.base@11.0.24/java.util.ArrayList.forEach(ArrayList.java:1541)
	at app//com.consol.citrus.common.DefaultTestLoader.doLoad(DefaultTestLoader.java:116)
	at app//com.consol.citrus.common.DefaultTestLoader.load(DefaultTestLoader.java:94)
	at app//com.consol.citrus.testng.TestNGHelper.invokeTestMethod(TestNGHelper.java:83)
	at app//com.consol.citrus.testng.spring.TestNGCitrusSpringSupport.run(TestNGCitrusSpringSupport.java:185)
	at app//com.consol.citrus.testng.spring.TestNGCitrusSpringSupport.run(TestNGCitrusSpringSupport.java:101)
	at app//org.testng.internal.invokers.MethodInvocationHelper.invokeHookable(MethodInvocationHelper.java:272)
	at app//org.testng.internal.invokers.TestInvoker.invokeMethod(TestInvoker.java:669)
	at app//org.testng.internal.invokers.TestInvoker.invokeTestMethod(TestInvoker.java:221)
	at app//org.testng.internal.invokers.MethodRunner.runInSequence(MethodRunner.java:50)
	at app//org.testng.internal.invokers.TestInvoker$MethodInvocationAgent.invoke(TestInvoker.java:969)
	at app//org.testng.internal.invokers.TestInvoker.invokeTestMethods(TestInvoker.java:194)
	at app//org.testng.internal.invokers.TestMethodWorker.invokeTestMethods(TestMethodWorker.java:148)
	at app//org.testng.internal.invokers.TestMethodWorker.run(TestMethodWorker.java:128)
	at java.base@11.0.24/java.util.concurrent.ThreadPoolExecutor.runWorker(ThreadPoolExecutor.java:1128)
	at java.base@11.0.24/java.util.concurrent.ThreadPoolExecutor$Worker.run(ThreadPoolExecutor.java:628)
	at java.base@11.0.24/java.lang.Thread.run(Thread.java:829)
Caused by: com.consol.citrus.exceptions.ValidationException: Validation failed: Values not equal for header element 'citrus_http_reason_phrase', expected 'INTERNAL_SERVER_ERROR' but was 'OK'
	at app//com.consol.citrus.validation.DefaultHeaderValidator.validateHeader(DefaultHeaderValidator.java:79)
	at app//com.consol.citrus.validation.DefaultMessageHeaderValidator.validateMessage(DefaultMessageHeaderValidator.java:101)
	at app//com.consol.citrus.validation.DefaultMessageHeaderValidator.validateMessage(DefaultMessageHeaderValidator.java:44)
	at app//com.consol.citrus.validation.AbstractMessageValidator.validateMessage(AbstractMessageValidator.java:46)
	at app//com.consol.citrus.actions.ReceiveMessageAction.validateMessage(ReceiveMessageAction.java:279)
	at app//com.consol.citrus.actions.ReceiveMessageAction.doExecute(ReceiveMessageAction.java:168)
	at app//com.consol.citrus.actions.AbstractTestAction.execute(AbstractTestAction.java:59)
	at app//com.consol.citrus.DefaultTestCase.executeAction(DefaultTestCase.java:136)
	... 28 more
Caused by: java.lang.IllegalArgumentException: Values not equal for header element 'citrus_http_reason_phrase', expected 'INTERNAL_SERVER_ERROR' but was 'OK'
	at org.springframework.util.Assert.isTrue(Assert.java:121)
	at com.consol.citrus.validation.DefaultHeaderValidator.validateHeader(DefaultHeaderValidator.java:66)
	... 35 more
</failure>
  </testcase>
  <system-out><![CDATA[22:16:27,592 INFO     client.HttpClient| Caught HTTP rest client exception: 404 Not Found
22:16:27,592 INFO     client.HttpClient| Propagating HTTP rest client exception according to error handling strategy
]]></system-out>
  <system-err><![CDATA[]]></system-err>
</testsuite>
