<?xml version="1.0" encoding="UTF-8"?>
<!-- Generated by org.testng.reporters.JUnitXMLReporter -->
<testsuite ignored="12" hostname="DESKTOP-PE0VQ31" failures="9" tests="14" name="Gradle test" time="1.063" errors="0" timestamp="2025-01-28T22:16:27 NOVT">
  <testcase classname="autotests.tests.duckActionController.Quack" name="quackEvenId" time="0.574"/>
  <testcase classname="autotests.tests.duckActionController.Properties" name="propertiesEvenId" time="0.574">
    <failure type="com.consol.citrus.exceptions.TestCaseFailedException" message="Failed to validate JSON text:
{&amp;quot;color&amp;quot;:&amp;quot;yellow&amp;quot;,&amp;quot;height&amp;quot;:500.0,&amp;quot;material&amp;quot;:&amp;quot;rubber&amp;quot;,&amp;quot;sound&amp;quot;:&amp;quot;quack&amp;quot;,&amp;quot;wingsState&amp;quot;:&amp;quot;ACTIVE&amp;quot;} Values not equal for entry: &amp;apos;height&amp;apos;, expected &amp;apos;5.0&amp;apos; but was &amp;apos;500.0&amp;apos;">
      <![CDATA[com.consol.citrus.exceptions.TestCaseFailedException: Failed to validate JSON text:
{"color":"yellow","height":500.0,"material":"rubber","sound":"quack","wingsState":"ACTIVE"} Values not equal for entry: 'height', expected '5.0' but was '500.0'
at com.consol.citrus.DefaultTestCase.executeAction(DefaultTestCase.java:143)
at com.consol.citrus.DefaultTestCaseRunner.run(DefaultTestCaseRunner.java:125)
at com.consol.citrus.TestActionRunner.$(TestActionRunner.java:35)
at autotests.clients.DuckActionsClients.validateResponse(DuckActionsClients.java:132)
at autotests.tests.duckActionController.Properties.propertiesEvenId(Properties.java:34)
at org.springframework.util.ReflectionUtils.invokeMethod(ReflectionUtils.java:282)
at com.consol.citrus.testng.TestNGHelper.lambda$invokeTestMethod$1(TestNGHelper.java:82)
at com.consol.citrus.common.DefaultTestLoader.lambda$doLoad$1(DefaultTestLoader.java:116)
at java.base/java.util.ArrayList.forEach(ArrayList.java:1541)
at com.consol.citrus.common.DefaultTestLoader.doLoad(DefaultTestLoader.java:116)
at com.consol.citrus.common.DefaultTestLoader.load(DefaultTestLoader.java:94)
at com.consol.citrus.testng.TestNGHelper.invokeTestMethod(TestNGHelper.java:83)
at com.consol.citrus.testng.spring.TestNGCitrusSpringSupport.run(TestNGCitrusSpringSupport.java:185)
at com.consol.citrus.testng.spring.TestNGCitrusSpringSupport.run(TestNGCitrusSpringSupport.java:101)
at java.base/java.util.concurrent.ThreadPoolExecutor.runWorker(ThreadPoolExecutor.java:1128)
at java.base/java.util.concurrent.ThreadPoolExecutor$Worker.run(ThreadPoolExecutor.java:628)
at java.base/java.lang.Thread.run(Thread.java:829)
Caused by: com.consol.citrus.exceptions.ValidationException: Failed to validate JSON text:
{"color":"yellow","height":500.0,"material":"rubber","sound":"quack","wingsState":"ACTIVE"} Values not equal for entry: 'height', expected '5.0' but was '500.0'
at com.consol.citrus.validation.json.JsonTextMessageValidator.validateMessage(JsonTextMessageValidator.java:114)
at com.consol.citrus.validation.json.JsonTextMessageValidator.validateMessage(JsonTextMessageValidator.java:58)
at com.consol.citrus.validation.AbstractMessageValidator.validateMessage(AbstractMessageValidator.java:46)
at com.consol.citrus.actions.ReceiveMessageAction.validateMessage(ReceiveMessageAction.java:279)
at com.consol.citrus.actions.ReceiveMessageAction.doExecute(ReceiveMessageAction.java:168)
at com.consol.citrus.actions.AbstractTestAction.execute(AbstractTestAction.java:59)
at com.consol.citrus.DefaultTestCase.executeAction(DefaultTestCase.java:136)
... 28 more
Caused by: java.lang.IllegalArgumentException: Values not equal for entry: 'height', expected '5.0' but was '500.0'
at org.springframework.util.Assert.isTrue(Assert.java:121)
at com.consol.citrus.validation.json.JsonTextMessageValidator.validateJson(JsonTextMessageValidator.java:211)
at com.consol.citrus.validation.json.JsonTextMessageValidator.validateMessage(JsonTextMessageValidator.java:102)
... 34 more
... Removed 12 stack frames]]>
    </failure>
  </testcase> <!-- propertiesEvenId -->
  <testcase classname="autotests.tests.duckActionController.Fly" name="flyActive" time="0.574">
    <failure type="com.consol.citrus.exceptions.TestCaseFailedException" message="Failed to validate JSON text:
{&amp;quot;message&amp;quot;:&amp;quot;I am flying :)&amp;quot;} Values not equal for entry: &amp;apos;message&amp;apos;, expected &amp;apos;I&amp;apos;m flying&amp;apos; but was &amp;apos;I am flying :)&amp;apos;">
      <![CDATA[com.consol.citrus.exceptions.TestCaseFailedException: Failed to validate JSON text:
{"message":"I am flying :)"} Values not equal for entry: 'message', expected 'I'm flying' but was 'I am flying :)'
at com.consol.citrus.DefaultTestCase.executeAction(DefaultTestCase.java:143)
at com.consol.citrus.DefaultTestCaseRunner.run(DefaultTestCaseRunner.java:125)
at com.consol.citrus.TestActionRunner.$(TestActionRunner.java:35)
at autotests.clients.DuckActionsClients.validateResponse(DuckActionsClients.java:132)
at autotests.tests.duckActionController.Fly.flyActive(Fly.java:34)
at org.springframework.util.ReflectionUtils.invokeMethod(ReflectionUtils.java:282)
at com.consol.citrus.testng.TestNGHelper.lambda$invokeTestMethod$1(TestNGHelper.java:82)
at com.consol.citrus.common.DefaultTestLoader.lambda$doLoad$1(DefaultTestLoader.java:116)
at java.base/java.util.ArrayList.forEach(ArrayList.java:1541)
at com.consol.citrus.common.DefaultTestLoader.doLoad(DefaultTestLoader.java:116)
at com.consol.citrus.common.DefaultTestLoader.load(DefaultTestLoader.java:94)
at com.consol.citrus.testng.TestNGHelper.invokeTestMethod(TestNGHelper.java:83)
at com.consol.citrus.testng.spring.TestNGCitrusSpringSupport.run(TestNGCitrusSpringSupport.java:185)
at com.consol.citrus.testng.spring.TestNGCitrusSpringSupport.run(TestNGCitrusSpringSupport.java:101)
at java.base/java.util.concurrent.ThreadPoolExecutor.runWorker(ThreadPoolExecutor.java:1128)
at java.base/java.util.concurrent.ThreadPoolExecutor$Worker.run(ThreadPoolExecutor.java:628)
at java.base/java.lang.Thread.run(Thread.java:829)
Caused by: com.consol.citrus.exceptions.ValidationException: Failed to validate JSON text:
{"message":"I am flying :)"} Values not equal for entry: 'message', expected 'I'm flying' but was 'I am flying :)'
at com.consol.citrus.validation.json.JsonTextMessageValidator.validateMessage(JsonTextMessageValidator.java:114)
at com.consol.citrus.validation.json.JsonTextMessageValidator.validateMessage(JsonTextMessageValidator.java:58)
at com.consol.citrus.validation.AbstractMessageValidator.validateMessage(AbstractMessageValidator.java:46)
at com.consol.citrus.actions.ReceiveMessageAction.validateMessage(ReceiveMessageAction.java:279)
at com.consol.citrus.actions.ReceiveMessageAction.doExecute(ReceiveMessageAction.java:168)
at com.consol.citrus.actions.AbstractTestAction.execute(AbstractTestAction.java:59)
at com.consol.citrus.DefaultTestCase.executeAction(DefaultTestCase.java:136)
... 28 more
Caused by: java.lang.IllegalArgumentException: Values not equal for entry: 'message', expected 'I'm flying' but was 'I am flying :)'
at org.springframework.util.Assert.isTrue(Assert.java:121)
at com.consol.citrus.validation.json.JsonTextMessageValidator.validateJson(JsonTextMessageValidator.java:211)
at com.consol.citrus.validation.json.JsonTextMessageValidator.validateMessage(JsonTextMessageValidator.java:102)
... 34 more
... Removed 12 stack frames]]>
    </failure>
  </testcase> <!-- flyActive -->
  <testcase classname="autotests.tests.duckActionController.Quack" name="quackOddId" time="0.034">
    <failure type="com.consol.citrus.exceptions.TestCaseFailedException" message="Failed to validate JSON text:
{&amp;quot;sound&amp;quot;:&amp;quot;moo&amp;quot;} Values not equal for entry: &amp;apos;sound&amp;apos;, expected &amp;apos;quack&amp;apos; but was &amp;apos;moo&amp;apos;">
      <![CDATA[com.consol.citrus.exceptions.TestCaseFailedException: Failed to validate JSON text:
{"sound":"moo"} Values not equal for entry: 'sound', expected 'quack' but was 'moo'
at com.consol.citrus.DefaultTestCase.executeAction(DefaultTestCase.java:143)
at com.consol.citrus.DefaultTestCaseRunner.run(DefaultTestCaseRunner.java:125)
at com.consol.citrus.TestActionRunner.$(TestActionRunner.java:35)
at autotests.clients.DuckActionsClients.validateResponse(DuckActionsClients.java:132)
at autotests.tests.duckActionController.Quack.quackOddId(Quack.java:36)
at org.springframework.util.ReflectionUtils.invokeMethod(ReflectionUtils.java:282)
at com.consol.citrus.testng.TestNGHelper.lambda$invokeTestMethod$1(TestNGHelper.java:82)
at com.consol.citrus.common.DefaultTestLoader.lambda$doLoad$1(DefaultTestLoader.java:116)
at java.base/java.util.ArrayList.forEach(ArrayList.java:1541)
at com.consol.citrus.common.DefaultTestLoader.doLoad(DefaultTestLoader.java:116)
at com.consol.citrus.common.DefaultTestLoader.load(DefaultTestLoader.java:94)
at com.consol.citrus.testng.TestNGHelper.invokeTestMethod(TestNGHelper.java:83)
at com.consol.citrus.testng.spring.TestNGCitrusSpringSupport.run(TestNGCitrusSpringSupport.java:185)
at com.consol.citrus.testng.spring.TestNGCitrusSpringSupport.run(TestNGCitrusSpringSupport.java:101)
at java.base/java.util.concurrent.ThreadPoolExecutor.runWorker(ThreadPoolExecutor.java:1128)
at java.base/java.util.concurrent.ThreadPoolExecutor$Worker.run(ThreadPoolExecutor.java:628)
at java.base/java.lang.Thread.run(Thread.java:829)
Caused by: com.consol.citrus.exceptions.ValidationException: Failed to validate JSON text:
{"sound":"moo"} Values not equal for entry: 'sound', expected 'quack' but was 'moo'
at com.consol.citrus.validation.json.JsonTextMessageValidator.validateMessage(JsonTextMessageValidator.java:114)
at com.consol.citrus.validation.json.JsonTextMessageValidator.validateMessage(JsonTextMessageValidator.java:58)
at com.consol.citrus.validation.AbstractMessageValidator.validateMessage(AbstractMessageValidator.java:46)
at com.consol.citrus.actions.ReceiveMessageAction.validateMessage(ReceiveMessageAction.java:279)
at com.consol.citrus.actions.ReceiveMessageAction.doExecute(ReceiveMessageAction.java:168)
at com.consol.citrus.actions.AbstractTestAction.execute(AbstractTestAction.java:59)
at com.consol.citrus.DefaultTestCase.executeAction(DefaultTestCase.java:136)
... 28 more
Caused by: java.lang.IllegalArgumentException: Values not equal for entry: 'sound', expected 'quack' but was 'moo'
at org.springframework.util.Assert.isTrue(Assert.java:121)
at com.consol.citrus.validation.json.JsonTextMessageValidator.validateJson(JsonTextMessageValidator.java:211)
at com.consol.citrus.validation.json.JsonTextMessageValidator.validateMessage(JsonTextMessageValidator.java:102)
... 34 more
... Removed 12 stack frames]]>
    </failure>
  </testcase> <!-- quackOddId -->
  <testcase classname="autotests.tests.duckActionController.Fly" name="flyFixed" time="0.034">
    <failure type="com.consol.citrus.exceptions.TestCaseFailedException" message="Failed to validate JSON text:
{&amp;quot;message&amp;quot;:&amp;quot;I can not fly :C&amp;quot;} Values not equal for entry: &amp;apos;message&amp;apos;, expected &amp;apos;I can&amp;apos;t fly&amp;apos; but was &amp;apos;I can not fly :C&amp;apos;">
      <![CDATA[com.consol.citrus.exceptions.TestCaseFailedException: Failed to validate JSON text:
{"message":"I can not fly :C"} Values not equal for entry: 'message', expected 'I can't fly' but was 'I can not fly :C'
at com.consol.citrus.DefaultTestCase.executeAction(DefaultTestCase.java:143)
at com.consol.citrus.DefaultTestCaseRunner.run(DefaultTestCaseRunner.java:125)
at com.consol.citrus.TestActionRunner.$(TestActionRunner.java:35)
at autotests.clients.DuckActionsClients.validateResponse(DuckActionsClients.java:123)
at autotests.tests.duckActionController.Fly.flyFixed(Fly.java:49)
at org.springframework.util.ReflectionUtils.invokeMethod(ReflectionUtils.java:282)
at com.consol.citrus.testng.TestNGHelper.lambda$invokeTestMethod$1(TestNGHelper.java:82)
at com.consol.citrus.common.DefaultTestLoader.lambda$doLoad$1(DefaultTestLoader.java:116)
at java.base/java.util.ArrayList.forEach(ArrayList.java:1541)
at com.consol.citrus.common.DefaultTestLoader.doLoad(DefaultTestLoader.java:116)
at com.consol.citrus.common.DefaultTestLoader.load(DefaultTestLoader.java:94)
at com.consol.citrus.testng.TestNGHelper.invokeTestMethod(TestNGHelper.java:83)
at com.consol.citrus.testng.spring.TestNGCitrusSpringSupport.run(TestNGCitrusSpringSupport.java:185)
at com.consol.citrus.testng.spring.TestNGCitrusSpringSupport.run(TestNGCitrusSpringSupport.java:101)
at java.base/java.util.concurrent.ThreadPoolExecutor.runWorker(ThreadPoolExecutor.java:1128)
at java.base/java.util.concurrent.ThreadPoolExecutor$Worker.run(ThreadPoolExecutor.java:628)
at java.base/java.lang.Thread.run(Thread.java:829)
Caused by: com.consol.citrus.exceptions.ValidationException: Failed to validate JSON text:
{"message":"I can not fly :C"} Values not equal for entry: 'message', expected 'I can't fly' but was 'I can not fly :C'
at com.consol.citrus.validation.json.JsonTextMessageValidator.validateMessage(JsonTextMessageValidator.java:114)
at com.consol.citrus.validation.json.JsonTextMessageValidator.validateMessage(JsonTextMessageValidator.java:58)
at com.consol.citrus.validation.AbstractMessageValidator.validateMessage(AbstractMessageValidator.java:46)
at com.consol.citrus.actions.ReceiveMessageAction.validateMessage(ReceiveMessageAction.java:279)
at com.consol.citrus.actions.ReceiveMessageAction.doExecute(ReceiveMessageAction.java:168)
at com.consol.citrus.actions.AbstractTestAction.execute(AbstractTestAction.java:59)
at com.consol.citrus.DefaultTestCase.executeAction(DefaultTestCase.java:136)
... 28 more
Caused by: java.lang.IllegalArgumentException: Values not equal for entry: 'message', expected 'I can't fly' but was 'I can not fly :C'
at org.springframework.util.Assert.isTrue(Assert.java:121)
at com.consol.citrus.validation.json.JsonTextMessageValidator.validateJson(JsonTextMessageValidator.java:211)
at com.consol.citrus.validation.json.JsonTextMessageValidator.validateMessage(JsonTextMessageValidator.java:102)
... 34 more
... Removed 12 stack frames]]>
    </failure>
  </testcase> <!-- flyFixed -->
  <testcase classname="autotests.tests.duckActionController.Properties" name="propertiesOddId" time="0.035">
    <failure type="com.consol.citrus.exceptions.TestCaseFailedException" message="Failed to validate JSON text:
{} Number of JSON entries not equal for element: &amp;apos;$.&amp;apos;, expected &amp;apos;5&amp;apos; but was &amp;apos;0&amp;apos;">
      <![CDATA[com.consol.citrus.exceptions.TestCaseFailedException: Failed to validate JSON text:
{} Number of JSON entries not equal for element: '$.', expected '5' but was '0'
at com.consol.citrus.DefaultTestCase.executeAction(DefaultTestCase.java:143)
at com.consol.citrus.DefaultTestCaseRunner.run(DefaultTestCaseRunner.java:125)
at com.consol.citrus.TestActionRunner.$(TestActionRunner.java:35)
at autotests.clients.DuckActionsClients.validateResponse(DuckActionsClients.java:132)
at autotests.tests.duckActionController.Properties.propertiesOddId(Properties.java:51)
at org.springframework.util.ReflectionUtils.invokeMethod(ReflectionUtils.java:282)
at com.consol.citrus.testng.TestNGHelper.lambda$invokeTestMethod$1(TestNGHelper.java:82)
at com.consol.citrus.common.DefaultTestLoader.lambda$doLoad$1(DefaultTestLoader.java:116)
at java.base/java.util.ArrayList.forEach(ArrayList.java:1541)
at com.consol.citrus.common.DefaultTestLoader.doLoad(DefaultTestLoader.java:116)
at com.consol.citrus.common.DefaultTestLoader.load(DefaultTestLoader.java:94)
at com.consol.citrus.testng.TestNGHelper.invokeTestMethod(TestNGHelper.java:83)
at com.consol.citrus.testng.spring.TestNGCitrusSpringSupport.run(TestNGCitrusSpringSupport.java:185)
at com.consol.citrus.testng.spring.TestNGCitrusSpringSupport.run(TestNGCitrusSpringSupport.java:101)
at java.base/java.util.concurrent.ThreadPoolExecutor.runWorker(ThreadPoolExecutor.java:1128)
at java.base/java.util.concurrent.ThreadPoolExecutor$Worker.run(ThreadPoolExecutor.java:628)
at java.base/java.lang.Thread.run(Thread.java:829)
Caused by: com.consol.citrus.exceptions.ValidationException: Failed to validate JSON text:
{} Number of JSON entries not equal for element: '$.', expected '5' but was '0'
at com.consol.citrus.validation.json.JsonTextMessageValidator.validateMessage(JsonTextMessageValidator.java:114)
at com.consol.citrus.validation.json.JsonTextMessageValidator.validateMessage(JsonTextMessageValidator.java:58)
at com.consol.citrus.validation.AbstractMessageValidator.validateMessage(AbstractMessageValidator.java:46)
at com.consol.citrus.actions.ReceiveMessageAction.validateMessage(ReceiveMessageAction.java:279)
at com.consol.citrus.actions.ReceiveMessageAction.doExecute(ReceiveMessageAction.java:168)
at com.consol.citrus.actions.AbstractTestAction.execute(AbstractTestAction.java:59)
at com.consol.citrus.DefaultTestCase.executeAction(DefaultTestCase.java:136)
... 28 more
Caused by: java.lang.IllegalArgumentException: Number of JSON entries not equal for element: '$.', expected '5' but was '0'
at org.springframework.util.Assert.isTrue(Assert.java:121)
at com.consol.citrus.validation.json.JsonTextMessageValidator.validateJson(JsonTextMessageValidator.java:145)
at com.consol.citrus.validation.json.JsonTextMessageValidator.validateMessage(JsonTextMessageValidator.java:102)
... 34 more
... Removed 12 stack frames]]>
    </failure>
  </testcase> <!-- propertiesOddId -->
  <testcase classname="autotests.tests.duckActionController.Fly" name="flyUndefined" time="0.035">
    <failure type="com.consol.citrus.exceptions.TestCaseFailedException" message="Validation failed: Values not equal for header element &amp;apos;citrus_http_reason_phrase&amp;apos;, expected &amp;apos;INTERNAL_SERVER_ERROR&amp;apos; but was &amp;apos;OK&amp;apos;">
      <![CDATA[com.consol.citrus.exceptions.TestCaseFailedException: Validation failed: Values not equal for header element 'citrus_http_reason_phrase', expected 'INTERNAL_SERVER_ERROR' but was 'OK'
at com.consol.citrus.DefaultTestCase.executeAction(DefaultTestCase.java:143)
at com.consol.citrus.DefaultTestCaseRunner.run(DefaultTestCaseRunner.java:125)
at com.consol.citrus.TestActionRunner.$(TestActionRunner.java:35)
at autotests.clients.DuckActionsClients.validateResponse(DuckActionsClients.java:123)
at autotests.tests.duckActionController.Fly.flyUndefined(Fly.java:64)
at org.springframework.util.ReflectionUtils.invokeMethod(ReflectionUtils.java:282)
at com.consol.citrus.testng.TestNGHelper.lambda$invokeTestMethod$1(TestNGHelper.java:82)
at com.consol.citrus.common.DefaultTestLoader.lambda$doLoad$1(DefaultTestLoader.java:116)
at java.base/java.util.ArrayList.forEach(ArrayList.java:1541)
at com.consol.citrus.common.DefaultTestLoader.doLoad(DefaultTestLoader.java:116)
at com.consol.citrus.common.DefaultTestLoader.load(DefaultTestLoader.java:94)
at com.consol.citrus.testng.TestNGHelper.invokeTestMethod(TestNGHelper.java:83)
at com.consol.citrus.testng.spring.TestNGCitrusSpringSupport.run(TestNGCitrusSpringSupport.java:185)
at com.consol.citrus.testng.spring.TestNGCitrusSpringSupport.run(TestNGCitrusSpringSupport.java:101)
at java.base/java.util.concurrent.ThreadPoolExecutor.runWorker(ThreadPoolExecutor.java:1128)
at java.base/java.util.concurrent.ThreadPoolExecutor$Worker.run(ThreadPoolExecutor.java:628)
at java.base/java.lang.Thread.run(Thread.java:829)
Caused by: com.consol.citrus.exceptions.ValidationException: Validation failed: Values not equal for header element 'citrus_http_reason_phrase', expected 'INTERNAL_SERVER_ERROR' but was 'OK'
at com.consol.citrus.validation.DefaultHeaderValidator.validateHeader(DefaultHeaderValidator.java:79)
at com.consol.citrus.validation.DefaultMessageHeaderValidator.validateMessage(DefaultMessageHeaderValidator.java:101)
at com.consol.citrus.validation.DefaultMessageHeaderValidator.validateMessage(DefaultMessageHeaderValidator.java:44)
at com.consol.citrus.validation.AbstractMessageValidator.validateMessage(AbstractMessageValidator.java:46)
at com.consol.citrus.actions.ReceiveMessageAction.validateMessage(ReceiveMessageAction.java:279)
at com.consol.citrus.actions.ReceiveMessageAction.doExecute(ReceiveMessageAction.java:168)
at com.consol.citrus.actions.AbstractTestAction.execute(AbstractTestAction.java:59)
at com.consol.citrus.DefaultTestCase.executeAction(DefaultTestCase.java:136)
... 28 more
Caused by: java.lang.IllegalArgumentException: Values not equal for header element 'citrus_http_reason_phrase', expected 'INTERNAL_SERVER_ERROR' but was 'OK'
at org.springframework.util.Assert.isTrue(Assert.java:121)
at com.consol.citrus.validation.DefaultHeaderValidator.validateHeader(DefaultHeaderValidator.java:66)
... 35 more
... Removed 12 stack frames]]>
    </failure>
  </testcase> <!-- flyUndefined -->
  <testcase classname="autotests.tests.duckActionController.Swim" name="swimExists" time="0.042">
    <failure type="com.consol.citrus.exceptions.TestCaseFailedException" message="Validation failed: Values not equal for header element &amp;apos;citrus_http_reason_phrase&amp;apos;, expected &amp;apos;OK&amp;apos; but was &amp;apos;NOT_FOUND&amp;apos;">
      <![CDATA[com.consol.citrus.exceptions.TestCaseFailedException: Validation failed: Values not equal for header element 'citrus_http_reason_phrase', expected 'OK' but was 'NOT_FOUND'
at com.consol.citrus.DefaultTestCase.executeAction(DefaultTestCase.java:143)
at com.consol.citrus.DefaultTestCaseRunner.run(DefaultTestCaseRunner.java:125)
at com.consol.citrus.TestActionRunner.$(TestActionRunner.java:35)
at autotests.clients.DuckActionsClients.validateResponse(DuckActionsClients.java:123)
at autotests.tests.duckActionController.Swim.swimExists(Swim.java:32)
at org.springframework.util.ReflectionUtils.invokeMethod(ReflectionUtils.java:282)
at com.consol.citrus.testng.TestNGHelper.lambda$invokeTestMethod$1(TestNGHelper.java:82)
at com.consol.citrus.common.DefaultTestLoader.lambda$doLoad$1(DefaultTestLoader.java:116)
at java.base/java.util.ArrayList.forEach(ArrayList.java:1541)
at com.consol.citrus.common.DefaultTestLoader.doLoad(DefaultTestLoader.java:116)
at com.consol.citrus.common.DefaultTestLoader.load(DefaultTestLoader.java:94)
at com.consol.citrus.testng.TestNGHelper.invokeTestMethod(TestNGHelper.java:83)
at com.consol.citrus.testng.spring.TestNGCitrusSpringSupport.run(TestNGCitrusSpringSupport.java:185)
at com.consol.citrus.testng.spring.TestNGCitrusSpringSupport.run(TestNGCitrusSpringSupport.java:101)
at java.base/java.util.concurrent.ThreadPoolExecutor.runWorker(ThreadPoolExecutor.java:1128)
at java.base/java.util.concurrent.ThreadPoolExecutor$Worker.run(ThreadPoolExecutor.java:628)
at java.base/java.lang.Thread.run(Thread.java:829)
Caused by: com.consol.citrus.exceptions.ValidationException: Validation failed: Values not equal for header element 'citrus_http_reason_phrase', expected 'OK' but was 'NOT_FOUND'
at com.consol.citrus.validation.DefaultHeaderValidator.validateHeader(DefaultHeaderValidator.java:79)
at com.consol.citrus.validation.DefaultMessageHeaderValidator.validateMessage(DefaultMessageHeaderValidator.java:101)
at com.consol.citrus.validation.DefaultMessageHeaderValidator.validateMessage(DefaultMessageHeaderValidator.java:44)
at com.consol.citrus.validation.AbstractMessageValidator.validateMessage(AbstractMessageValidator.java:46)
at com.consol.citrus.actions.ReceiveMessageAction.validateMessage(ReceiveMessageAction.java:279)
at com.consol.citrus.actions.ReceiveMessageAction.doExecute(ReceiveMessageAction.java:168)
at com.consol.citrus.actions.AbstractTestAction.execute(AbstractTestAction.java:59)
at com.consol.citrus.DefaultTestCase.executeAction(DefaultTestCase.java:136)
... 28 more
Caused by: java.lang.IllegalArgumentException: Values not equal for header element 'citrus_http_reason_phrase', expected 'OK' but was 'NOT_FOUND'
at org.springframework.util.Assert.isTrue(Assert.java:121)
at com.consol.citrus.validation.DefaultHeaderValidator.validateHeader(DefaultHeaderValidator.java:66)
... 35 more
... Removed 12 stack frames]]>
    </failure>
  </testcase> <!-- swimExists -->
  <testcase classname="autotests.tests.duckActionController.Swim" name="swimNonexist" time="0.03">
    <failure type="com.consol.citrus.exceptions.TestCaseFailedException" message="Failed to validate JSON text:
{&amp;quot;message&amp;quot;:&amp;quot;Paws are not found ((((&amp;quot;} Values not equal for entry: &amp;apos;message&amp;apos;, expected &amp;apos;Paws are not found&amp;apos; but was &amp;apos;Paws are not found ((((&amp;apos;">
      <![CDATA[com.consol.citrus.exceptions.TestCaseFailedException: Failed to validate JSON text:
{"message":"Paws are not found (((("} Values not equal for entry: 'message', expected 'Paws are not found' but was 'Paws are not found (((('
at com.consol.citrus.DefaultTestCase.executeAction(DefaultTestCase.java:143)
at com.consol.citrus.DefaultTestCaseRunner.run(DefaultTestCaseRunner.java:125)
at com.consol.citrus.TestActionRunner.$(TestActionRunner.java:35)
at autotests.clients.DuckActionsClients.validateResponse(DuckActionsClients.java:123)
at autotests.tests.duckActionController.Swim.swimNonexist(Swim.java:48)
at org.springframework.util.ReflectionUtils.invokeMethod(ReflectionUtils.java:282)
at com.consol.citrus.testng.TestNGHelper.lambda$invokeTestMethod$1(TestNGHelper.java:82)
at com.consol.citrus.common.DefaultTestLoader.lambda$doLoad$1(DefaultTestLoader.java:116)
at java.base/java.util.ArrayList.forEach(ArrayList.java:1541)
at com.consol.citrus.common.DefaultTestLoader.doLoad(DefaultTestLoader.java:116)
at com.consol.citrus.common.DefaultTestLoader.load(DefaultTestLoader.java:94)
at com.consol.citrus.testng.TestNGHelper.invokeTestMethod(TestNGHelper.java:83)
at com.consol.citrus.testng.spring.TestNGCitrusSpringSupport.run(TestNGCitrusSpringSupport.java:185)
at com.consol.citrus.testng.spring.TestNGCitrusSpringSupport.run(TestNGCitrusSpringSupport.java:101)
at java.base/java.util.concurrent.ThreadPoolExecutor.runWorker(ThreadPoolExecutor.java:1128)
at java.base/java.util.concurrent.ThreadPoolExecutor$Worker.run(ThreadPoolExecutor.java:628)
at java.base/java.lang.Thread.run(Thread.java:829)
Caused by: com.consol.citrus.exceptions.ValidationException: Failed to validate JSON text:
{"message":"Paws are not found (((("} Values not equal for entry: 'message', expected 'Paws are not found' but was 'Paws are not found (((('
at com.consol.citrus.validation.json.JsonTextMessageValidator.validateMessage(JsonTextMessageValidator.java:114)
at com.consol.citrus.validation.json.JsonTextMessageValidator.validateMessage(JsonTextMessageValidator.java:58)
at com.consol.citrus.validation.AbstractMessageValidator.validateMessage(AbstractMessageValidator.java:46)
at com.consol.citrus.actions.ReceiveMessageAction.validateMessage(ReceiveMessageAction.java:279)
at com.consol.citrus.actions.ReceiveMessageAction.doExecute(ReceiveMessageAction.java:168)
at com.consol.citrus.actions.AbstractTestAction.execute(AbstractTestAction.java:59)
at com.consol.citrus.DefaultTestCase.executeAction(DefaultTestCase.java:136)
... 28 more
Caused by: java.lang.IllegalArgumentException: Values not equal for entry: 'message', expected 'Paws are not found' but was 'Paws are not found (((('
at org.springframework.util.Assert.isTrue(Assert.java:121)
at com.consol.citrus.validation.json.JsonTextMessageValidator.validateJson(JsonTextMessageValidator.java:211)
at com.consol.citrus.validation.json.JsonTextMessageValidator.validateMessage(JsonTextMessageValidator.java:102)
... 34 more
... Removed 12 stack frames]]>
    </failure>
  </testcase> <!-- swimNonexist -->
  <testcase classname="autotests.tests.duckController.Delete" name="deleteDuck" time="0.048"/>
  <testcase classname="autotests.tests.duckController.Create" name="createRubber" time="0.183"/>
  <testcase classname="autotests.tests.duckController.Update" name="updateHeight" time="0.081"/>
  <testcase classname="autotests.tests.duckController.Create" name="createWood" time="0.024"/>
  <testcase classname="autotests.tests.duckController.Update" name="updateSound" time="0.038">
    <failure type="com.consol.citrus.exceptions.TestCaseFailedException" message="Validation failed: Values not equal for header element &amp;apos;citrus_http_reason_phrase&amp;apos;, expected &amp;apos;BAD_REQUEST&amp;apos; but was &amp;apos;OK&amp;apos;">
      <![CDATA[com.consol.citrus.exceptions.TestCaseFailedException: Validation failed: Values not equal for header element 'citrus_http_reason_phrase', expected 'BAD_REQUEST' but was 'OK'
at com.consol.citrus.DefaultTestCase.executeAction(DefaultTestCase.java:143)
at com.consol.citrus.DefaultTestCaseRunner.run(DefaultTestCaseRunner.java:125)
at com.consol.citrus.TestActionRunner.$(TestActionRunner.java:35)
at autotests.clients.DuckActionsClients.validateResponse(DuckActionsClients.java:123)
at autotests.tests.duckController.Update.updateSound(Update.java:56)
at org.springframework.util.ReflectionUtils.invokeMethod(ReflectionUtils.java:282)
at com.consol.citrus.testng.TestNGHelper.lambda$invokeTestMethod$1(TestNGHelper.java:82)
at com.consol.citrus.common.DefaultTestLoader.lambda$doLoad$1(DefaultTestLoader.java:116)
at java.base/java.util.ArrayList.forEach(ArrayList.java:1541)
at com.consol.citrus.common.DefaultTestLoader.doLoad(DefaultTestLoader.java:116)
at com.consol.citrus.common.DefaultTestLoader.load(DefaultTestLoader.java:94)
at com.consol.citrus.testng.TestNGHelper.invokeTestMethod(TestNGHelper.java:83)
at com.consol.citrus.testng.spring.TestNGCitrusSpringSupport.run(TestNGCitrusSpringSupport.java:185)
at com.consol.citrus.testng.spring.TestNGCitrusSpringSupport.run(TestNGCitrusSpringSupport.java:101)
at java.base/java.util.concurrent.ThreadPoolExecutor.runWorker(ThreadPoolExecutor.java:1128)
at java.base/java.util.concurrent.ThreadPoolExecutor$Worker.run(ThreadPoolExecutor.java:628)
at java.base/java.lang.Thread.run(Thread.java:829)
Caused by: com.consol.citrus.exceptions.ValidationException: Validation failed: Values not equal for header element 'citrus_http_reason_phrase', expected 'BAD_REQUEST' but was 'OK'
at com.consol.citrus.validation.DefaultHeaderValidator.validateHeader(DefaultHeaderValidator.java:79)
at com.consol.citrus.validation.DefaultMessageHeaderValidator.validateMessage(DefaultMessageHeaderValidator.java:101)
at com.consol.citrus.validation.DefaultMessageHeaderValidator.validateMessage(DefaultMessageHeaderValidator.java:44)
at com.consol.citrus.validation.AbstractMessageValidator.validateMessage(AbstractMessageValidator.java:46)
at com.consol.citrus.actions.ReceiveMessageAction.validateMessage(ReceiveMessageAction.java:279)
at com.consol.citrus.actions.ReceiveMessageAction.doExecute(ReceiveMessageAction.java:168)
at com.consol.citrus.actions.AbstractTestAction.execute(AbstractTestAction.java:59)
at com.consol.citrus.DefaultTestCase.executeAction(DefaultTestCase.java:136)
... 28 more
Caused by: java.lang.IllegalArgumentException: Values not equal for header element 'citrus_http_reason_phrase', expected 'BAD_REQUEST' but was 'OK'
at org.springframework.util.Assert.isTrue(Assert.java:121)
at com.consol.citrus.validation.DefaultHeaderValidator.validateHeader(DefaultHeaderValidator.java:66)
... 35 more
... Removed 12 stack frames]]>
    </failure>
  </testcase> <!-- updateSound -->
  <testcase classname="com.consol.citrus.testng.spring.TestNGCitrusSpringSupport" name="@BeforeSuite beforeSuite" time="0.0">
    <ignored/>
  </testcase> <!-- @BeforeSuite beforeSuite -->
  <testcase classname="com.consol.citrus.testng.spring.TestNGCitrusSpringSupport" name="@BeforeSuite beforeSuite" time="0.0">
    <ignored/>
  </testcase> <!-- @BeforeSuite beforeSuite -->
  <testcase classname="com.consol.citrus.testng.spring.TestNGCitrusSpringSupport" name="@AfterSuite afterSuite" time="0.0">
    <ignored/>
  </testcase> <!-- @AfterSuite afterSuite -->
  <testcase classname="com.consol.citrus.testng.spring.TestNGCitrusSpringSupport" name="@BeforeSuite beforeSuite" time="0.0">
    <ignored/>
  </testcase> <!-- @BeforeSuite beforeSuite -->
  <testcase classname="com.consol.citrus.testng.spring.TestNGCitrusSpringSupport" name="@AfterSuite afterSuite" time="0.0">
    <ignored/>
  </testcase> <!-- @AfterSuite afterSuite -->
  <testcase classname="com.consol.citrus.testng.spring.TestNGCitrusSpringSupport" name="@BeforeSuite beforeSuite" time="0.0">
    <ignored/>
  </testcase> <!-- @BeforeSuite beforeSuite -->
  <testcase classname="com.consol.citrus.testng.spring.TestNGCitrusSpringSupport" name="@AfterSuite afterSuite" time="0.0">
    <ignored/>
  </testcase> <!-- @AfterSuite afterSuite -->
  <testcase classname="com.consol.citrus.testng.spring.TestNGCitrusSpringSupport" name="@AfterSuite afterSuite" time="0.0">
    <ignored/>
  </testcase> <!-- @AfterSuite afterSuite -->
  <testcase classname="com.consol.citrus.testng.spring.TestNGCitrusSpringSupport" name="@BeforeSuite beforeSuite" time="0.0">
    <ignored/>
  </testcase> <!-- @BeforeSuite beforeSuite -->
  <testcase classname="com.consol.citrus.testng.spring.TestNGCitrusSpringSupport" name="@BeforeSuite beforeSuite" time="0.0">
    <ignored/>
  </testcase> <!-- @BeforeSuite beforeSuite -->
  <testcase classname="com.consol.citrus.testng.spring.TestNGCitrusSpringSupport" name="@AfterSuite afterSuite" time="0.0">
    <ignored/>
  </testcase> <!-- @AfterSuite afterSuite -->
  <testcase classname="com.consol.citrus.testng.spring.TestNGCitrusSpringSupport" name="@AfterSuite afterSuite" time="0.0">
    <ignored/>
  </testcase> <!-- @AfterSuite afterSuite -->
</testsuite> <!-- Gradle test -->
